0 info it worked if it ends with ok
1 verbose cli [ 'C:\\Program Files\\nodejs\\node.exe',
1 verbose cli   'C:\\Users\\krishmalaptop\\AppData\\Roaming\\npm\\node_modules\\npm\\bin\\npm-cli.js',
1 verbose cli   'start' ]
2 info using npm@3.10.8
3 info using node@v8.10.0
4 verbose run-script [ 'prestart', 'start', 'poststart' ]
5 info lifecycle expen-sieve-backend@0.0.0~prestart: expen-sieve-backend@0.0.0
6 silly lifecycle expen-sieve-backend@0.0.0~prestart: no script for prestart, continuing
7 info lifecycle expen-sieve-backend@0.0.0~start: expen-sieve-backend@0.0.0
8 verbose lifecycle expen-sieve-backend@0.0.0~start: unsafe-perm in lifecycle true
9 verbose lifecycle expen-sieve-backend@0.0.0~start: PATH: C:\Users\krishmalaptop\AppData\Roaming\npm\node_modules\npm\bin\node-gyp-bin;C:\Users\krishmalaptop\Desktop\expen-sieve\expen-sieve_backend\node_modules\.bin;C:\Windows\system32;C:\Windows;C:\Windows\system32\Wbem;C:\ProgramData\Oracle\Java\javapath;C:\Windows\System32\WindowsPowerShell\v1.0\;C:\Program Files\Microsoft\Web Platform Installer\;C:\Program Files (x86)\Microsoft ASP.NET\ASP.NET Web Pages\v1.0\;C:\Program Files (x86)\Windows Kits\8.0\Windows Performance Toolkit\;C:\Program Files\Microsoft SQL Server\110\Tools\Binn\;C:\Program Files\Java\jdk1.7.0_21\bin;C:\Program Files\Git\cmd;C:\Program Files (x86)\Common Files\Adobe\AGL;C:\Program Files\nodejs\;C:\Users\krishmalaptop\AppData\Local\atom\bin;C:\Program Files (x86)\Microsoft VS Code\bin;C:\Microsoft VS Code\bin;C:\Users\krishmalaptop\AppData\Roaming\npm
10 verbose lifecycle expen-sieve-backend@0.0.0~start: CWD: C:\Users\krishmalaptop\Desktop\expen-sieve\expen-sieve_backend
11 silly lifecycle expen-sieve-backend@0.0.0~start: Args: [ '/d /s /c', 'node ./bin/www' ]
12 silly lifecycle expen-sieve-backend@0.0.0~start: Returned: code: 1  signal: null
13 info lifecycle expen-sieve-backend@0.0.0~start: Failed to exec start script
14 verbose stack Error: expen-sieve-backend@0.0.0 start: `node ./bin/www`
14 verbose stack Exit status 1
14 verbose stack     at EventEmitter.<anonymous> (C:\Users\krishmalaptop\AppData\Roaming\npm\node_modules\npm\lib\utils\lifecycle.js:255:16)
14 verbose stack     at emitTwo (events.js:126:13)
14 verbose stack     at EventEmitter.emit (events.js:214:7)
14 verbose stack     at ChildProcess.<anonymous> (C:\Users\krishmalaptop\AppData\Roaming\npm\node_modules\npm\lib\utils\spawn.js:40:14)
14 verbose stack     at emitTwo (events.js:126:13)
14 verbose stack     at ChildProcess.emit (events.js:214:7)
14 verbose stack     at maybeClose (internal/child_process.js:925:16)
14 verbose stack     at Process.ChildProcess._handle.onexit (internal/child_process.js:209:5)
15 verbose pkgid expen-sieve-backend@0.0.0
16 verbose cwd C:\Users\krishmalaptop\Desktop\expen-sieve\expen-sieve_backend
17 error Windows_NT 6.3.9600
18 error argv "C:\\Program Files\\nodejs\\node.exe" "C:\\Users\\krishmalaptop\\AppData\\Roaming\\npm\\node_modules\\npm\\bin\\npm-cli.js" "start"
19 error node v8.10.0
20 error npm  v3.10.8
21 error code ELIFECYCLE
22 error expen-sieve-backend@0.0.0 start: `node ./bin/www`
22 error Exit status 1
23 error Failed at the expen-sieve-backend@0.0.0 start script 'node ./bin/www'.
23 error Make sure you have the latest version of node.js and npm installed.
23 error If you do, this is most likely a problem with the expen-sieve-backend package,
23 error not with npm itself.
23 error Tell the author that this fails on your system:
23 error     node ./bin/www
23 error You can get information on how to open an issue for this project with:
23 error     npm bugs expen-sieve-backend
23 error Or if that isn't available, you can get their info via:
23 error     npm owner ls expen-sieve-backend
23 error There is likely additional logging output above.
24 verbose exit [ 1, true ]
